{
  "stats": {
    "suites": 2,
    "tests": 9,
    "passes": 9,
    "pending": 1,
    "failures": -1,
    "start": "2021-06-10T10:40:06.713Z",
    "end": "2021-06-10T10:40:14.260Z",
    "duration": 7547,
    "testsRegistered": 10,
    "passPercent": 100,
    "pendingPercent": 10,
    "other": 1,
    "hasOther": true,
    "skipped": 1,
    "hasSkipped": true
  },
  "results": [
    {
      "uuid": "b78cf53f-e304-4279-99f1-7b8a02c4dc40",
      "title": "",
      "fullFile": "cypress/integration/examples/login.spec.js",
      "file": "cypress/integration/examples/login.spec.js",
      "beforeHooks": [],
      "afterHooks": [],
      "tests": [],
      "suites": [
        {
          "uuid": "d15f4b6c-8033-4d97-bd70-bae1325a8f6c",
          "title": "Login Using Email",
          "fullFile": "",
          "file": "",
          "beforeHooks": [],
          "afterHooks": [],
          "tests": [
            {
              "title": "can fill the form",
              "fullTitle": "Login Using Email can fill the form",
              "timedOut": null,
              "duration": 1827,
              "state": "passed",
              "speed": "slow",
              "pass": true,
              "fail": false,
              "pending": false,
              "context": null,
              "code": "cy.get('input[type=\"email\"][name=\"email\"]').type(email).should('have.value', email).clear().should('have.value', '');\ncy.get('input[type=\"password\"][name=\"password\"]').type(password);\ncy.get('button[type=\"submit\"]').contains('Login');",
              "err": {},
              "uuid": "e72f79b5-0105-4f85-bf49-9809941c9763",
              "parentUUID": "d15f4b6c-8033-4d97-bd70-bae1325a8f6c",
              "isHook": false,
              "skipped": false
            },
            {
              "title": "requires both email and password",
              "fullTitle": "Login Using Email requires both email and password",
              "timedOut": null,
              "duration": 283,
              "state": "passed",
              "speed": "slow",
              "pass": true,
              "fail": false,
              "pending": false,
              "context": null,
              "code": "cy.get('button[type=\"submit\"]').click();\ncy.get('.error-text').eq(0).should('have.text', 'Email cannot be empty. Invalid Email.');\ncy.get('.error-text').eq(1).should('have.text', 'Password cannot be empty.Password should be more than 8 characters.');",
              "err": {},
              "uuid": "c69882ca-ec7b-4da4-891f-b5dec0558da4",
              "parentUUID": "d15f4b6c-8033-4d97-bd70-bae1325a8f6c",
              "isHook": false,
              "skipped": false
            },
            {
              "title": "requires email",
              "fullTitle": "Login Using Email requires email",
              "timedOut": null,
              "duration": 499,
              "state": "passed",
              "speed": "slow",
              "pass": true,
              "fail": false,
              "pending": false,
              "context": null,
              "code": "cy.get('input[type=\"password\"][name=\"password\"]').type(password);\ncy.get('button[type=\"submit\"]').click();\ncy.get('.error-text').should('have.text', 'Email cannot be empty. Invalid Email.');",
              "err": {},
              "uuid": "fd3349d7-8ac3-4755-8801-b38874d11aa0",
              "parentUUID": "d15f4b6c-8033-4d97-bd70-bae1325a8f6c",
              "isHook": false,
              "skipped": false
            },
            {
              "title": "requires password",
              "fullTitle": "Login Using Email requires password",
              "timedOut": null,
              "duration": 572,
              "state": "passed",
              "speed": "slow",
              "pass": true,
              "fail": false,
              "pending": false,
              "context": null,
              "code": "cy.get('input[type=\"email\"][name=\"email\"]').type(email);\ncy.get('button[type=\"submit\"]').click();\ncy.get('.error-text').should('have.text', 'Password cannot be empty.Password should be more than 8 characters.');",
              "err": {},
              "uuid": "1c8a271a-5b91-4ab3-9c54-45b0763e4aa5",
              "parentUUID": "d15f4b6c-8033-4d97-bd70-bae1325a8f6c",
              "isHook": false,
              "skipped": false
            },
            {
              "title": "requires password greater than 8",
              "fullTitle": "Login Using Email requires password greater than 8",
              "timedOut": null,
              "duration": 798,
              "state": "passed",
              "speed": "slow",
              "pass": true,
              "fail": false,
              "pending": false,
              "context": null,
              "code": "cy.get('input[type=\"email\"][name=\"email\"]').type(email);\ncy.get('input[type=\"password\"][name=\"password\"]').type('qqqq');\ncy.get('button[type=\"submit\"]').click();\ncy.get('.error-text').should('have.text', 'Password should be more than 8 characters.');",
              "err": {},
              "uuid": "6acf2d30-fd97-4d39-bdfa-4f66a06fc788",
              "parentUUID": "d15f4b6c-8033-4d97-bd70-bae1325a8f6c",
              "isHook": false,
              "skipped": false
            },
            {
              "title": "shows email or password invalid.",
              "fullTitle": "Login Using Email shows email or password invalid.",
              "timedOut": null,
              "duration": 0,
              "state": "pending",
              "speed": null,
              "pass": false,
              "fail": false,
              "pending": true,
              "context": null,
              "code": "",
              "err": {},
              "uuid": "e2db7e12-4386-4cf9-ab50-62f71c919aa9",
              "parentUUID": "d15f4b6c-8033-4d97-bd70-bae1325a8f6c",
              "isHook": false,
              "skipped": false
            },
            {
              "title": "navigates to homepage on successful login",
              "fullTitle": "Login Using Email navigates to homepage on successful login",
              "timedOut": null,
              "duration": 1209,
              "state": "passed",
              "speed": "slow",
              "pass": true,
              "fail": false,
              "pending": false,
              "context": null,
              "code": "cy.get('input[type=\"email\"][name=\"email\"]').type(email);\ncy.get('input[type=\"password\"][name=\"password\"]').type(password);\ncy.intercept('POST', 'http://localhost:8080/api/users/login').as('login');\ncy.get('button[type=\"submit\"]').click();\ncy.wait('@login');\ncy.get('.user-name > .sub-title').contains(firstName).should('be.visible');",
              "err": {},
              "uuid": "5f2e26c4-69c9-4c7b-a58b-7444adefa499",
              "parentUUID": "d15f4b6c-8033-4d97-bd70-bae1325a8f6c",
              "isHook": false,
              "skipped": false
            }
          ],
          "suites": [
            {
              "uuid": "33395234-1247-49a8-b21f-35273301b123",
              "title": "Email Validation",
              "fullFile": "",
              "file": "",
              "beforeHooks": [],
              "afterHooks": [],
              "tests": [
                {
                  "title": "requires valid email for email format: asdfghh",
                  "fullTitle": "Login Using Email Email Validation requires valid email for email format: asdfghh",
                  "timedOut": null,
                  "duration": 822,
                  "state": "passed",
                  "speed": "slow",
                  "pass": true,
                  "fail": false,
                  "pending": false,
                  "context": null,
                  "code": "//first case email with no @ in email\ncy.get('input[type=\"email\"][name=\"email\"]').clear().type(invalidEmail1);\ncy.get('button[type=\"submit\"]').click();\ncy.get('input[type=\"email\"]').then($input => {\n  expect($input[0].validationMessage).to.eq(`Please include an '@' in the email address. '${invalidEmail1}' is missing an '@'.`);\n});\ncy.get('.error-text').eq(0).click().should('have.text', ' Invalid Email.');",
                  "err": {},
                  "uuid": "9d3b94b9-97ec-4b26-9aa4-05d9f311979b",
                  "parentUUID": "33395234-1247-49a8-b21f-35273301b123",
                  "isHook": false,
                  "skipped": false
                },
                {
                  "title": "requires valid email for email format: asdfghh@",
                  "fullTitle": "Login Using Email Email Validation requires valid email for email format: asdfghh@",
                  "timedOut": null,
                  "duration": 730,
                  "state": "passed",
                  "speed": "slow",
                  "pass": true,
                  "fail": false,
                  "pending": false,
                  "context": null,
                  "code": "//second case email with email@ only.\ncy.reload();\ncy.get('input[type=\"email\"][name=\"email\"]').clear().type(invalidEmail2);\ncy.get('button[type=\"submit\"]').click();\ncy.get('input[type=\"email\"]').then($input => {\n  expect($input[0].validationMessage).to.eq(`Please enter a part following '@'. '${invalidEmail2}' is incomplete.`);\n});\ncy.get('.error-text').eq(0).click().should('have.text', ' Invalid Email.');",
                  "err": {},
                  "uuid": "03f32ccc-7a07-4dda-ae78-441786c181ed",
                  "parentUUID": "33395234-1247-49a8-b21f-35273301b123",
                  "isHook": false,
                  "skipped": false
                },
                {
                  "title": "requires valid email for email format: asdfghh@sdfsdf",
                  "fullTitle": "Login Using Email Email Validation requires valid email for email format: asdfghh@sdfsdf",
                  "timedOut": null,
                  "duration": 727,
                  "state": "passed",
                  "speed": "slow",
                  "pass": true,
                  "fail": false,
                  "pending": false,
                  "context": null,
                  "code": "//third case with no '.com'\ncy.reload();\ncy.get('input[type=\"email\"][name=\"email\"]').clear().type(invalidEmail3);\ncy.get('button[type=\"submit\"]').click();\ncy.get('.error-text').eq(0).should('have.text', ' Invalid Email.');",
                  "err": {},
                  "uuid": "9108339e-6143-4596-a4ec-0cc5de50065f",
                  "parentUUID": "33395234-1247-49a8-b21f-35273301b123",
                  "isHook": false,
                  "skipped": false
                }
              ],
              "suites": [],
              "passes": [
                "9d3b94b9-97ec-4b26-9aa4-05d9f311979b",
                "03f32ccc-7a07-4dda-ae78-441786c181ed",
                "9108339e-6143-4596-a4ec-0cc5de50065f"
              ],
              "failures": [],
              "pending": [],
              "skipped": [],
              "duration": 2279,
              "root": false,
              "rootEmpty": false,
              "_timeout": 2000
            }
          ],
          "passes": [
            "e72f79b5-0105-4f85-bf49-9809941c9763",
            "c69882ca-ec7b-4da4-891f-b5dec0558da4",
            "fd3349d7-8ac3-4755-8801-b38874d11aa0",
            "1c8a271a-5b91-4ab3-9c54-45b0763e4aa5",
            "6acf2d30-fd97-4d39-bdfa-4f66a06fc788",
            "5f2e26c4-69c9-4c7b-a58b-7444adefa499"
          ],
          "failures": [],
          "pending": [
            "e2db7e12-4386-4cf9-ab50-62f71c919aa9"
          ],
          "skipped": [],
          "duration": 5188,
          "root": false,
          "rootEmpty": false,
          "_timeout": 2000
        }
      ],
      "passes": [],
      "failures": [],
      "pending": [],
      "skipped": [],
      "duration": 0,
      "root": true,
      "rootEmpty": true,
      "_timeout": 2000
    }
  ],
  "meta": {
    "mocha": {
      "version": "7.0.1"
    },
    "mochawesome": {
      "options": {
        "quiet": false,
        "reportFilename": "mochawesome",
        "saveHtml": false,
        "saveJson": true,
        "consoleReporter": "spec",
        "useInlineDiffs": false,
        "code": true
      },
      "version": "6.2.2"
    },
    "marge": {
      "options": {
        "id": "default",
        "reportDir": "cypress/results/mochawesome",
        "overwrite": false,
        "html": false,
        "json": true
      },
      "version": "5.2.0"
    }
  }
}