{
  "stats": {
    "suites": 1,
    "tests": 3,
    "passes": 3,
    "pending": 0,
    "failures": 0,
    "start": "2021-06-10T10:40:03.150Z",
    "end": "2021-06-10T10:40:05.516Z",
    "duration": 2366,
    "testsRegistered": 3,
    "passPercent": 100,
    "pendingPercent": 0,
    "other": 0,
    "hasOther": false,
    "skipped": 0,
    "hasSkipped": false
  },
  "results": [
    {
      "uuid": "6dee9bb1-f6cf-4301-a050-0f85d398b088",
      "title": "",
      "fullFile": "cypress/integration/examples/dbConnection.spec.js",
      "file": "cypress/integration/examples/dbConnection.spec.js",
      "beforeHooks": [],
      "afterHooks": [],
      "tests": [],
      "suites": [
        {
          "uuid": "792bd028-6653-4c46-bedd-185117225fbb",
          "title": "Tasks",
          "fullFile": "",
          "file": "",
          "beforeHooks": [],
          "afterHooks": [],
          "tests": [
            {
              "title": "No param",
              "fullTitle": "Tasks No param",
              "timedOut": null,
              "duration": 24,
              "state": "passed",
              "speed": "fast",
              "pass": true,
              "fail": false,
              "pending": false,
              "context": null,
              "code": "cy.task(\"noParam\").then(res => {\n  console.log(res);\n});",
              "err": {},
              "uuid": "f2f76b70-d4d2-4be4-83ef-6489c079aa62",
              "parentUUID": "792bd028-6653-4c46-bedd-185117225fbb",
              "isHook": false,
              "skipped": false
            },
            {
              "title": "Connects database",
              "fullTitle": "Tasks Connects database",
              "timedOut": null,
              "duration": 161,
              "state": "passed",
              "speed": "slow",
              "pass": true,
              "fail": false,
              "pending": false,
              "context": null,
              "code": "cy.task(\"getDBDataAsync\").then(res => {\n  cy.log(res);\n  expect(0).to.equal(0);\n});",
              "err": {},
              "uuid": "9db729ce-4ed2-42f7-a6a9-84a120cb57b6",
              "parentUUID": "792bd028-6653-4c46-bedd-185117225fbb",
              "isHook": false,
              "skipped": false
            },
            {
              "title": "Counts Number of credentials stored",
              "fullTitle": "Tasks Counts Number of credentials stored",
              "timedOut": null,
              "duration": 2162,
              "state": "passed",
              "speed": "slow",
              "pass": true,
              "fail": false,
              "pending": false,
              "context": null,
              "code": "let user_id;\ncy.fixture('user').then(resp => {\n  cy.login(resp.email, resp.password);\n  user_id = resp.id;\n  const query = `select count(password) from passwords where user_id=${user_id}`;\n  cy.intercept('GET', `http://localhost:8080/api/passwords/get-passwords?user-id=${user_id}`).as('savedPasswords');\n  cy.visit('/');\n  cy.wait('@savedPasswords').then(resp => {\n    const pwdLength = resp.response.body.passwordList.length;\n    cy.task(\"dbQuery\", query).then(res => {\n      const dbResCount = parseInt(res.rows[0].count);\n      expect(dbResCount).to.equal(pwdLength);\n    });\n  });\n});",
              "err": {},
              "uuid": "3e09c6df-e3c2-4ec2-b3e9-e48562d3dc98",
              "parentUUID": "792bd028-6653-4c46-bedd-185117225fbb",
              "isHook": false,
              "skipped": false
            }
          ],
          "suites": [],
          "passes": [
            "f2f76b70-d4d2-4be4-83ef-6489c079aa62",
            "9db729ce-4ed2-42f7-a6a9-84a120cb57b6",
            "3e09c6df-e3c2-4ec2-b3e9-e48562d3dc98"
          ],
          "failures": [],
          "pending": [],
          "skipped": [],
          "duration": 2347,
          "root": false,
          "rootEmpty": false,
          "_timeout": 2000
        }
      ],
      "passes": [],
      "failures": [],
      "pending": [],
      "skipped": [],
      "duration": 0,
      "root": true,
      "rootEmpty": true,
      "_timeout": 2000
    }
  ],
  "meta": {
    "mocha": {
      "version": "7.0.1"
    },
    "mochawesome": {
      "options": {
        "quiet": false,
        "reportFilename": "mochawesome",
        "saveHtml": false,
        "saveJson": true,
        "consoleReporter": "spec",
        "useInlineDiffs": false,
        "code": true
      },
      "version": "6.2.2"
    },
    "marge": {
      "options": {
        "id": "default",
        "reportDir": "cypress/results/mochawesome",
        "overwrite": false,
        "html": false,
        "json": true
      },
      "version": "5.2.0"
    }
  }
}