{
  "stats": {
    "suites": 2,
    "tests": 1,
    "passes": 1,
    "pending": 0,
    "failures": 0,
    "start": "2021-06-10T10:40:15.408Z",
    "end": "2021-06-10T10:40:21.334Z",
    "duration": 5926,
    "testsRegistered": 1,
    "passPercent": 100,
    "pendingPercent": 0,
    "other": 0,
    "hasOther": false,
    "skipped": 0,
    "hasSkipped": false
  },
  "results": [
    {
      "uuid": "6f6288bd-9191-4e07-bb98-0a7f8610596b",
      "title": "",
      "fullFile": "cypress/integration/examples/signup.spec.js",
      "file": "cypress/integration/examples/signup.spec.js",
      "beforeHooks": [],
      "afterHooks": [],
      "tests": [],
      "suites": [
        {
          "uuid": "db7e656f-6db0-4884-9603-2e4600f252c1",
          "title": "Registration Test",
          "fullFile": "",
          "file": "",
          "beforeHooks": [],
          "afterHooks": [],
          "tests": [],
          "suites": [
            {
              "uuid": "c7585afe-6a51-4d2d-b367-17f125bc9c35",
              "title": "Successful Resgistration",
              "fullFile": "",
              "file": "",
              "beforeHooks": [],
              "afterHooks": [],
              "tests": [
                {
                  "title": "Test valid signup and Login",
                  "fullTitle": "Registration Test Successful Resgistration Test valid signup and Login",
                  "timedOut": null,
                  "duration": 5874,
                  "state": "passed",
                  "speed": "slow",
                  "pass": true,
                  "fail": false,
                  "pending": false,
                  "context": null,
                  "code": "cy.intercept('POST', 'http://localhost:8080/api/users/register').as('signUp');\ncy.get('form').within($form => {\n  cy.get('input[type=\"email\"][name=\"email\"][placeholder=\"Enter email\"]').type(email);\n  cy.get('input[type=\"text\"][name=\"firstName\"][placeholder=\"Enter First Name\"]').type(firstName);\n  cy.get('input[type=\"text\"][name=\"lastName\"][placeholder=\"Enter Last Name\"]').type(lastName);\n  cy.get('input[name=\"dateOfBirth\"][placeholder=\"Enter Date of birth\"]').type('1998-10-25');\n  cy.get('input[type=\"password\"][name=\"password\"][placeholder=\"Enter Password\"]').type(password);\n  cy.get('input[type=\"password\"][name=\"conformPassword\"]').type(password);\n  cy.root().submit();\n});\ncy.wait('@signUp');\ncy.reload();\ncy.get('form').within($form => {\n  cy.get('input[type=\"email\"]').type(email);\n  cy.get('input[type=\"password\"]').type(password);\n  cy.get('.btn').click();\n});\ncy.get('.logo').should('be.visible');\ncy.get('.user-name > .sub-title').contains(firstName).should('be.visible');",
                  "err": {},
                  "uuid": "444e2246-510a-43e7-96e2-2d466946842b",
                  "parentUUID": "c7585afe-6a51-4d2d-b367-17f125bc9c35",
                  "isHook": false,
                  "skipped": false
                }
              ],
              "suites": [],
              "passes": [
                "444e2246-510a-43e7-96e2-2d466946842b"
              ],
              "failures": [],
              "pending": [],
              "skipped": [],
              "duration": 5874,
              "root": false,
              "rootEmpty": false,
              "_timeout": 2000
            }
          ],
          "passes": [],
          "failures": [],
          "pending": [],
          "skipped": [],
          "duration": 0,
          "root": false,
          "rootEmpty": false,
          "_timeout": 2000
        }
      ],
      "passes": [],
      "failures": [],
      "pending": [],
      "skipped": [],
      "duration": 0,
      "root": true,
      "rootEmpty": true,
      "_timeout": 2000
    }
  ],
  "meta": {
    "mocha": {
      "version": "7.0.1"
    },
    "mochawesome": {
      "options": {
        "quiet": false,
        "reportFilename": "mochawesome",
        "saveHtml": false,
        "saveJson": true,
        "consoleReporter": "spec",
        "useInlineDiffs": false,
        "code": true
      },
      "version": "6.2.2"
    },
    "marge": {
      "options": {
        "id": "default",
        "reportDir": "cypress/results/mochawesome",
        "overwrite": false,
        "html": false,
        "json": true
      },
      "version": "5.2.0"
    }
  }
}